{
  "Cucumber Features": {
    "coverage": {
      "/home/felix/se/PhD-Application-Review-System/app/channels/application_cable/channel.rb": {
        "lines": [
          1,
          1,
          null,
          null
        ]
      },
      "/home/felix/se/PhD-Application-Review-System/app/channels/application_cable/connection.rb": {
        "lines": [
          1,
          1,
          null,
          null
        ]
      },
      "/home/felix/se/PhD-Application-Review-System/app/controllers/application_controller.rb": {
        "lines": [
          1,
          null
        ]
      },
      "/home/felix/se/PhD-Application-Review-System/app/helpers/application_helper.rb": {
        "lines": [
          1,
          null
        ]
      },
      "/home/felix/se/PhD-Application-Review-System/app/helpers/csv_helper.rb": {
        "lines": [
          1,
          null
        ]
      },
      "/home/felix/se/PhD-Application-Review-System/app/helpers/reviews_helper.rb": {
        "lines": [
          1,
          null
        ]
      },
      "/home/felix/se/PhD-Application-Review-System/app/helpers/sessions_helper.rb": {
        "lines": [
          1,
          null
        ]
      },
      "/home/felix/se/PhD-Application-Review-System/app/helpers/users_helper.rb": {
        "lines": [
          1,
          null
        ]
      },
      "/home/felix/se/PhD-Application-Review-System/app/helpers/welcome_helper.rb": {
        "lines": [
          1,
          null
        ]
      },
      "/home/felix/se/PhD-Application-Review-System/app/helpers/xlsx_helper.rb": {
        "lines": [
          1,
          null
        ]
      },
      "/home/felix/se/PhD-Application-Review-System/app/controllers/csv_controller.rb": {
        "lines": [
          1,
          1,
          null,
          null,
          1,
          1,
          null,
          0,
          null,
          null,
          0,
          null,
          null,
          0,
          null,
          null,
          0,
          null,
          null
        ]
      },
      "/home/felix/se/PhD-Application-Review-System/app/controllers/reviews_controller.rb": {
        "lines": [
          1,
          1,
          null,
          null,
          1,
          1,
          null,
          null,
          null,
          1,
          null,
          null,
          null,
          1,
          1,
          null,
          null,
          null,
          1,
          null,
          null,
          null,
          1,
          1,
          null,
          1,
          1,
          2,
          1,
          null,
          0,
          0,
          null,
          null,
          null,
          null,
          null,
          1,
          0,
          0,
          0,
          0,
          null,
          0,
          0,
          null,
          null,
          null,
          null,
          null,
          1,
          0,
          null,
          0,
          0,
          0,
          null,
          null,
          null,
          1,
          null,
          1,
          1,
          null,
          null,
          null,
          1,
          1,
          null,
          null
        ]
      },
      "/home/felix/se/PhD-Application-Review-System/app/controllers/sessions_controller.rb": {
        "lines": [
          1,
          1,
          0,
          0,
          0,
          null,
          0,
          null,
          null,
          0,
          null,
          null,
          null,
          1,
          0,
          null,
          null,
          1,
          0,
          null,
          0,
          0,
          0,
          0,
          null,
          null,
          0,
          null,
          0,
          0,
          0,
          null,
          null,
          null,
          null,
          null,
          null,
          null,
          null,
          null,
          1,
          0,
          0,
          null,
          null
        ]
      },
      "/home/felix/se/PhD-Application-Review-System/app/controllers/users_controller.rb": {
        "lines": [
          1,
          1,
          null,
          null,
          1,
          0,
          null,
          null,
          null,
          1,
          null,
          null,
          null,
          1,
          0,
          null,
          null,
          null,
          1,
          null,
          null,
          null,
          1,
          0,
          null,
          0,
          0,
          0,
          0,
          null,
          0,
          0,
          null,
          null,
          null,
          null,
          null,
          1,
          0,
          0,
          0,
          0,
          null,
          0,
          0,
          null,
          null,
          null,
          null,
          null,
          1,
          0,
          null,
          0,
          0,
          0,
          null,
          null,
          null,
          1,
          null,
          1,
          0,
          null,
          null,
          null,
          1,
          0,
          null,
          null
        ]
      },
      "/home/felix/se/PhD-Application-Review-System/app/controllers/welcome_controller.rb": {
        "lines": [
          1,
          null
        ]
      },
      "/home/felix/se/PhD-Application-Review-System/app/controllers/xlsx_controller.rb": {
        "lines": [
          1,
          1,
          null,
          0,
          0,
          null,
          0,
          0,
          null,
          0,
          0,
          null,
          null,
          0,
          null,
          0,
          0,
          null,
          null,
          1,
          0,
          null,
          0,
          0,
          null,
          0,
          0,
          0,
          0,
          0,
          0,
          0,
          0,
          0,
          null,
          null,
          null,
          0,
          0,
          0,
          0,
          0,
          0,
          0,
          null,
          0,
          0,
          0,
          0,
          0,
          0,
          null,
          0,
          0,
          0,
          0,
          0,
          0,
          null,
          0,
          0,
          null,
          0,
          null,
          null,
          null,
          null,
          0,
          null,
          null,
          null,
          null,
          null,
          null,
          null,
          null,
          null,
          null,
          null,
          0,
          0,
          null,
          0,
          null,
          null,
          null,
          null,
          0,
          null,
          null,
          null,
          null,
          null,
          0,
          null,
          null
        ]
      },
      "/home/felix/se/PhD-Application-Review-System/app/jobs/application_job.rb": {
        "lines": [
          1,
          null,
          null,
          null,
          null,
          null,
          null
        ]
      },
      "/home/felix/se/PhD-Application-Review-System/app/mailers/application_mailer.rb": {
        "lines": [
          1,
          1,
          1,
          null
        ]
      },
      "/home/felix/se/PhD-Application-Review-System/app/models/application_record.rb": {
        "lines": [
          1,
          1,
          null
        ]
      },
      "/home/felix/se/PhD-Application-Review-System/app/models/review.rb": {
        "lines": [
          1,
          null,
          null,
          null
        ]
      },
      "/home/felix/se/PhD-Application-Review-System/app/models/user.rb": {
        "lines": [
          1,
          1,
          null
        ]
      }
    },
    "timestamp": 1696010013
  },
  "RSpec": {
    "coverage": {
      "/home/felix/se/PhD-Application-Review-System/app/controllers/application_controller.rb": {
        "lines": [
          1,
          null
        ]
      },
      "/home/felix/se/PhD-Application-Review-System/app/helpers/application_helper.rb": {
        "lines": [
          1,
          null
        ]
      },
      "/home/felix/se/PhD-Application-Review-System/app/helpers/csv_helper.rb": {
        "lines": [
          1,
          null
        ]
      },
      "/home/felix/se/PhD-Application-Review-System/app/helpers/reviews_helper.rb": {
        "lines": [
          1,
          null
        ]
      },
      "/home/felix/se/PhD-Application-Review-System/app/helpers/sessions_helper.rb": {
        "lines": [
          1,
          null
        ]
      },
      "/home/felix/se/PhD-Application-Review-System/app/helpers/users_helper.rb": {
        "lines": [
          1,
          null
        ]
      },
      "/home/felix/se/PhD-Application-Review-System/app/helpers/welcome_helper.rb": {
        "lines": [
          1,
          null
        ]
      },
      "/home/felix/se/PhD-Application-Review-System/app/helpers/xlsx_helper.rb": {
        "lines": [
          1,
          null
        ]
      },
      "/home/felix/se/PhD-Application-Review-System/app/controllers/reviews_controller.rb": {
        "lines": [
          1,
          1,
          null,
          null,
          1,
          1,
          null,
          null,
          null,
          1,
          null,
          null,
          null,
          1,
          0,
          null,
          null,
          null,
          1,
          null,
          null,
          null,
          1,
          0,
          null,
          0,
          0,
          0,
          0,
          null,
          0,
          0,
          null,
          null,
          null,
          null,
          null,
          1,
          0,
          0,
          0,
          0,
          null,
          0,
          0,
          null,
          null,
          null,
          null,
          null,
          1,
          0,
          null,
          0,
          0,
          0,
          null,
          null,
          null,
          1,
          null,
          1,
          0,
          null,
          null,
          null,
          1,
          0,
          null,
          null
        ]
      },
      "/home/felix/se/PhD-Application-Review-System/app/models/review.rb": {
        "lines": [
          1,
          null,
          null,
          null
        ]
      },
      "/home/felix/se/PhD-Application-Review-System/app/models/application_record.rb": {
        "lines": [
          1,
          1,
          null
        ]
      },
      "/home/felix/se/PhD-Application-Review-System/app/controllers/xlsx_controller.rb": {
        "lines": [
          1,
          1,
          1,
          null,
          1,
          1,
          null,
          1,
          1,
          null,
          1,
          23,
          null,
          null,
          1,
          null,
          1,
          1,
          null,
          null,
          1,
          1,
          null,
          1,
          23,
          null,
          23,
          69,
          38,
          38,
          38,
          38,
          38,
          38,
          38,
          null,
          null,
          null,
          23,
          23,
          23,
          23,
          23,
          23,
          23,
          null,
          23,
          23,
          23,
          23,
          23,
          23,
          null,
          23,
          23,
          23,
          23,
          23,
          23,
          null,
          23,
          23,
          null,
          3726,
          null,
          null,
          null,
          null,
          1288,
          null,
          null,
          null,
          null,
          null,
          null,
          null,
          null,
          null,
          null,
          null,
          23,
          23,
          null,
          3749,
          null,
          null,
          null,
          null,
          1265,
          null,
          null,
          null,
          null,
          null,
          1,
          null,
          null
        ]
      },
      "/home/felix/se/PhD-Application-Review-System/app/channels/application_cable/channel.rb": {
        "lines": [
          0,
          0,
          0,
          0
        ],
        "branches": {
        }
      },
      "/home/felix/se/PhD-Application-Review-System/app/channels/application_cable/connection.rb": {
        "lines": [
          0,
          0,
          0,
          0
        ],
        "branches": {
        }
      },
      "/home/felix/se/PhD-Application-Review-System/app/controllers/csv_controller.rb": {
        "lines": [
          0,
          0,
          null,
          null,
          0,
          0,
          null,
          0,
          null,
          null,
          0,
          null,
          null,
          0,
          null,
          null,
          0,
          0,
          0
        ],
        "branches": {
        }
      },
      "/home/felix/se/PhD-Application-Review-System/app/controllers/sessions_controller.rb": {
        "lines": [
          0,
          0,
          0,
          0,
          0,
          null,
          0,
          0,
          0,
          0,
          0,
          null,
          null,
          0,
          0,
          0,
          null,
          0,
          0,
          null,
          0,
          0,
          0,
          0,
          null,
          null,
          0,
          0,
          0,
          0,
          0,
          0,
          null,
          null,
          null,
          null,
          null,
          null,
          null,
          0,
          0,
          0,
          0,
          0,
          0
        ],
        "branches": {
        }
      },
      "/home/felix/se/PhD-Application-Review-System/app/controllers/users_controller.rb": {
        "lines": [
          0,
          0,
          null,
          null,
          0,
          0,
          0,
          null,
          null,
          0,
          0,
          null,
          null,
          0,
          0,
          0,
          null,
          null,
          0,
          0,
          null,
          null,
          0,
          0,
          null,
          0,
          0,
          0,
          0,
          0,
          0,
          0,
          0,
          0,
          0,
          null,
          null,
          0,
          0,
          0,
          0,
          0,
          0,
          0,
          0,
          0,
          0,
          0,
          null,
          null,
          0,
          0,
          null,
          0,
          0,
          0,
          0,
          0,
          null,
          0,
          null,
          0,
          0,
          0,
          null,
          null,
          0,
          0,
          0,
          0
        ],
        "branches": {
        }
      },
      "/home/felix/se/PhD-Application-Review-System/app/controllers/welcome_controller.rb": {
        "lines": [
          0,
          0
        ],
        "branches": {
        }
      },
      "/home/felix/se/PhD-Application-Review-System/app/jobs/application_job.rb": {
        "lines": [
          0,
          null,
          null,
          null,
          null,
          null,
          0
        ],
        "branches": {
        }
      },
      "/home/felix/se/PhD-Application-Review-System/app/mailers/application_mailer.rb": {
        "lines": [
          0,
          0,
          0,
          0
        ],
        "branches": {
        }
      },
      "/home/felix/se/PhD-Application-Review-System/app/models/user.rb": {
        "lines": [
          0,
          0,
          0
        ],
        "branches": {
        }
      }
    },
    "timestamp": 1695959636
  }
}
