{
  "Cucumber Features": {
    "coverage": {
      "/mnt/d/GitHub/PhD-Application-Review-System/app/channels/application_cable/channel.rb": {
        "lines": [
          1,
          1,
          null,
          null
        ]
      },
      "/mnt/d/GitHub/PhD-Application-Review-System/app/channels/application_cable/connection.rb": {
        "lines": [
          1,
          1,
          null,
          null
        ]
      },
      "/mnt/d/GitHub/PhD-Application-Review-System/app/controllers/applicants_controller.rb": {
        "lines": [
          1,
          1,
          0,
          0,
          0,
          null,
          null,
          0,
          null,
          null,
          1,
          null,
          null,
          null,
          null,
          null,
          null,
          null,
          null,
          null,
          null,
          null,
          0,
          null,
          null,
          null,
          null,
          null,
          null,
          null,
          null,
          null,
          null,
          null,
          null,
          null,
          0,
          null,
          null,
          null,
          null,
          null,
          null,
          null,
          0,
          null,
          null,
          null,
          null,
          null,
          null,
          null,
          null,
          0,
          null,
          null,
          null,
          null,
          null,
          null,
          null,
          0,
          0,
          null,
          null,
          null,
          null,
          null,
          null,
          null,
          null,
          null,
          1,
          0,
          0,
          null,
          0,
          0,
          null,
          0,
          0,
          null,
          null,
          0,
          null,
          0,
          0,
          null,
          0,
          0,
          0,
          0,
          0,
          0,
          0,
          0,
          0,
          null,
          null,
          null,
          0,
          0,
          0,
          0,
          0,
          0,
          0,
          null,
          0,
          0,
          0,
          0,
          0,
          0,
          null,
          0,
          0,
          0,
          0,
          0,
          0,
          null,
          0,
          0,
          0,
          0,
          0,
          null,
          0,
          0,
          null,
          0,
          0,
          0,
          0,
          0,
          null,
          null,
          0,
          null,
          null,
          null,
          null,
          null,
          null,
          null,
          0,
          0,
          0,
          0,
          0,
          null,
          0,
          0,
          null,
          0,
          0,
          0,
          0,
          0,
          null,
          null,
          0,
          null,
          null,
          null,
          null,
          null,
          null,
          null,
          null,
          null,
          null,
          null,
          null,
          null,
          null,
          null,
          null,
          null,
          null,
          null,
          null,
          null,
          null,
          null,
          null,
          null,
          null,
          null,
          null,
          null,
          null,
          null,
          null,
          null,
          0,
          null,
          null
        ]
      },
      "/mnt/d/GitHub/PhD-Application-Review-System/app/controllers/application_controller.rb": {
        "lines": [
          1,
          1,
          1,
          1,
          1,
          11,
          11,
          null,
          null,
          1,
          6,
          null,
          1,
          2,
          null,
          1,
          0,
          0,
          0,
          null,
          null,
          null
        ]
      },
      "/mnt/d/GitHub/PhD-Application-Review-System/app/helpers/application_helper.rb": {
        "lines": [
          1,
          null
        ]
      },
      "/mnt/d/GitHub/PhD-Application-Review-System/app/helpers/csv_helper.rb": {
        "lines": [
          1,
          null
        ]
      },
      "/mnt/d/GitHub/PhD-Application-Review-System/app/helpers/reviews_helper.rb": {
        "lines": [
          1,
          null
        ]
      },
      "/mnt/d/GitHub/PhD-Application-Review-System/app/helpers/sessions_helper.rb": {
        "lines": [
          1,
          null
        ]
      },
      "/mnt/d/GitHub/PhD-Application-Review-System/app/helpers/users_helper.rb": {
        "lines": [
          1,
          null
        ]
      },
      "/mnt/d/GitHub/PhD-Application-Review-System/app/helpers/welcome_helper.rb": {
        "lines": [
          1,
          null
        ]
      },
      "/mnt/d/GitHub/PhD-Application-Review-System/app/helpers/xlsx_helper.rb": {
        "lines": [
          1,
          null
        ]
      },
      "/mnt/d/GitHub/PhD-Application-Review-System/app/controllers/csv_controller.rb": {
        "lines": [
          1,
          1,
          null,
          null,
          1,
          1,
          null,
          0,
          null,
          null,
          0,
          null,
          null,
          0,
          null,
          null,
          0,
          null,
          null
        ]
      },
      "/mnt/d/GitHub/PhD-Application-Review-System/app/controllers/homepage_controller.rb": {
        "lines": [
          1,
          null
        ]
      },
      "/mnt/d/GitHub/PhD-Application-Review-System/app/controllers/reviews_controller.rb": {
        "lines": [
          1,
          1,
          null,
          null,
          1,
          1,
          null,
          null,
          null,
          1,
          null,
          null,
          null,
          1,
          0,
          null,
          null,
          null,
          1,
          null,
          null,
          null,
          1,
          0,
          null,
          0,
          0,
          0,
          0,
          null,
          0,
          0,
          null,
          null,
          null,
          null,
          null,
          1,
          0,
          0,
          0,
          0,
          null,
          0,
          0,
          null,
          null,
          null,
          null,
          null,
          1,
          0,
          null,
          0,
          0,
          0,
          null,
          null,
          null,
          1,
          null,
          1,
          0,
          null,
          null,
          null,
          1,
          0,
          null,
          null
        ]
      },
      "/mnt/d/GitHub/PhD-Application-Review-System/app/controllers/sessions_controller.rb": {
        "lines": [
          1,
          1,
          0,
          0,
          0,
          null,
          0,
          null,
          null,
          0,
          null,
          null,
          null,
          1,
          0,
          null,
          null,
          1,
          0,
          null,
          0,
          0,
          0,
          0,
          null,
          null,
          0,
          0,
          0,
          null,
          0,
          null,
          null,
          null,
          0,
          0,
          0,
          null,
          null,
          null,
          null,
          null,
          null,
          null,
          null,
          null,
          null,
          1,
          0,
          0,
          null,
          null
        ]
      },
      "/mnt/d/GitHub/PhD-Application-Review-System/app/controllers/users_controller.rb": {
        "lines": [
          1,
          null,
          1,
          null,
          null,
          1,
          0,
          null,
          null,
          null,
          1,
          null,
          null,
          null,
          1,
          1,
          null,
          null,
          null,
          1,
          null,
          null,
          null,
          1,
          1,
          1,
          1,
          1,
          1,
          2,
          1,
          null,
          0,
          0,
          null,
          null,
          null,
          null,
          null,
          1,
          0,
          0,
          0,
          0,
          null,
          0,
          0,
          null,
          null,
          null,
          null,
          null,
          1,
          0,
          null,
          0,
          0,
          0,
          null,
          null,
          null,
          1,
          null,
          1,
          0,
          null,
          null,
          null,
          1,
          1,
          null,
          null
        ]
      },
      "/mnt/d/GitHub/PhD-Application-Review-System/app/controllers/welcome_controller.rb": {
        "lines": [
          1,
          1,
          2,
          2,
          1,
          1,
          1,
          1,
          null,
          1,
          1,
          null,
          null,
          null
        ]
      },
      "/mnt/d/GitHub/PhD-Application-Review-System/app/controllers/xlsx_controller.rb": {
        "lines": [
          1,
          1,
          null,
          0,
          0,
          null,
          0,
          0,
          null,
          0,
          0,
          null,
          null,
          0,
          null,
          0,
          0,
          null,
          null,
          1,
          0,
          null,
          0,
          0,
          null,
          0,
          0,
          0,
          0,
          0,
          0,
          0,
          0,
          0,
          null,
          null,
          null,
          0,
          0,
          0,
          0,
          0,
          0,
          0,
          null,
          0,
          0,
          0,
          0,
          0,
          0,
          null,
          0,
          0,
          0,
          0,
          0,
          0,
          null,
          0,
          0,
          0,
          0,
          0,
          null,
          0,
          0,
          null,
          0,
          0,
          0,
          0,
          0,
          null,
          null,
          0,
          null,
          null,
          null,
          null,
          null,
          null,
          null,
          0,
          0,
          0,
          0,
          0,
          null,
          0,
          0,
          null,
          0,
          0,
          0,
          0,
          0,
          null,
          null,
          0,
          null,
          null,
          null,
          null,
          null,
          null,
          null,
          null,
          null,
          null,
          null,
          null,
          null,
          null,
          null,
          null,
          null,
          null,
          null,
          null,
          null,
          null,
          null,
          null,
          null,
          null,
          null,
          null,
          null,
          null,
          null,
          null,
          null,
          0,
          null,
          null
        ]
      },
      "/mnt/d/GitHub/PhD-Application-Review-System/app/jobs/application_job.rb": {
        "lines": [
          1,
          null,
          null,
          null,
          null,
          null,
          null
        ]
      },
      "/mnt/d/GitHub/PhD-Application-Review-System/app/mailers/application_mailer.rb": {
        "lines": [
          1,
          1,
          1,
          null
        ]
      },
      "/mnt/d/GitHub/PhD-Application-Review-System/app/models/applicant.rb": {
        "lines": [
          1,
          1,
          1,
          1,
          1,
          null
        ]
      },
      "/mnt/d/GitHub/PhD-Application-Review-System/app/models/application_record.rb": {
        "lines": [
          1,
          1,
          null
        ]
      },
      "/mnt/d/GitHub/PhD-Application-Review-System/app/models/application_ielt.rb": {
        "lines": [
          1,
          1,
          null
        ]
      },
      "/mnt/d/GitHub/PhD-Application-Review-System/app/models/gre.rb": {
        "lines": [
          1,
          1,
          null
        ]
      },
      "/mnt/d/GitHub/PhD-Application-Review-System/app/models/review.rb": {
        "lines": [
          1,
          null,
          null,
          null
        ]
      },
      "/mnt/d/GitHub/PhD-Application-Review-System/app/models/school.rb": {
        "lines": [
          1,
          1,
          null
        ]
      },
      "/mnt/d/GitHub/PhD-Application-Review-System/app/models/toefl.rb": {
        "lines": [
          1,
          1,
          null
        ]
      },
      "/mnt/d/GitHub/PhD-Application-Review-System/app/models/user.rb": {
        "lines": [
          1,
          1,
          1,
          null
        ]
      }
    },
    "timestamp": 1697041044
  },
  "RSpec": {
    "coverage": {
      "/mnt/d/GitHub/PhD-Application-Review-System/app/channels/application_cable/channel.rb": {
        "lines": [
          1,
          1,
          null,
          null
        ]
      },
      "/mnt/d/GitHub/PhD-Application-Review-System/app/channels/application_cable/connection.rb": {
        "lines": [
          1,
          1,
          null,
          null
        ]
      },
      "/mnt/d/GitHub/PhD-Application-Review-System/app/controllers/applicants_controller.rb": {
        "lines": [
          1,
          1,
          0,
          0,
          0,
          null,
          null,
          0,
          null,
          null,
          1,
          null,
          null,
          null,
          null,
          null,
          null,
          null,
          null,
          null,
          null,
          null,
          0,
          null,
          null,
          null,
          null,
          null,
          null,
          null,
          null,
          null,
          null,
          null,
          null,
          null,
          0,
          null,
          null,
          null,
          null,
          null,
          null,
          null,
          0,
          null,
          null,
          null,
          null,
          null,
          null,
          null,
          null,
          0,
          null,
          null,
          null,
          null,
          null,
          null,
          null,
          0,
          0,
          null,
          null,
          null,
          null,
          null,
          null,
          null,
          null,
          null,
          1,
          0,
          0,
          null,
          0,
          0,
          null,
          0,
          0,
          null,
          null,
          0,
          null,
          0,
          0,
          null,
          0,
          0,
          0,
          0,
          0,
          0,
          0,
          0,
          0,
          null,
          null,
          null,
          0,
          0,
          0,
          0,
          0,
          0,
          0,
          null,
          0,
          0,
          0,
          0,
          0,
          0,
          null,
          0,
          0,
          0,
          0,
          0,
          0,
          null,
          0,
          0,
          0,
          0,
          0,
          null,
          0,
          0,
          null,
          0,
          0,
          0,
          0,
          0,
          null,
          null,
          0,
          null,
          null,
          null,
          null,
          null,
          null,
          null,
          0,
          0,
          0,
          0,
          0,
          null,
          0,
          0,
          null,
          0,
          0,
          0,
          0,
          0,
          null,
          null,
          0,
          null,
          null,
          null,
          null,
          null,
          null,
          null,
          null,
          null,
          null,
          null,
          null,
          null,
          null,
          null,
          null,
          null,
          null,
          null,
          null,
          null,
          null,
          null,
          null,
          null,
          null,
          null,
          null,
          null,
          null,
          null,
          null,
          null,
          0,
          null,
          null
        ]
      },
      "/mnt/d/GitHub/PhD-Application-Review-System/app/controllers/application_controller.rb": {
        "lines": [
          1,
          1,
          1,
          1,
          1,
          6,
          6,
          null,
          null,
          1,
          0,
          null,
          1,
          0,
          null,
          1,
          0,
          0,
          0,
          null,
          null,
          null
        ]
      },
      "/mnt/d/GitHub/PhD-Application-Review-System/app/helpers/application_helper.rb": {
        "lines": [
          1,
          null
        ]
      },
      "/mnt/d/GitHub/PhD-Application-Review-System/app/helpers/csv_helper.rb": {
        "lines": [
          1,
          null
        ]
      },
      "/mnt/d/GitHub/PhD-Application-Review-System/app/helpers/reviews_helper.rb": {
        "lines": [
          1,
          null
        ]
      },
      "/mnt/d/GitHub/PhD-Application-Review-System/app/helpers/sessions_helper.rb": {
        "lines": [
          1,
          null
        ]
      },
      "/mnt/d/GitHub/PhD-Application-Review-System/app/helpers/users_helper.rb": {
        "lines": [
          1,
          null
        ]
      },
      "/mnt/d/GitHub/PhD-Application-Review-System/app/helpers/welcome_helper.rb": {
        "lines": [
          1,
          null
        ]
      },
      "/mnt/d/GitHub/PhD-Application-Review-System/app/helpers/xlsx_helper.rb": {
        "lines": [
          1,
          null
        ]
      },
      "/mnt/d/GitHub/PhD-Application-Review-System/app/controllers/csv_controller.rb": {
        "lines": [
          1,
          1,
          null,
          null,
          1,
          1,
          null,
          0,
          null,
          null,
          0,
          null,
          null,
          0,
          null,
          null,
          0,
          null,
          null
        ]
      },
      "/mnt/d/GitHub/PhD-Application-Review-System/app/controllers/homepage_controller.rb": {
        "lines": [
          1,
          null
        ]
      },
      "/mnt/d/GitHub/PhD-Application-Review-System/app/controllers/reviews_controller.rb": {
        "lines": [
          1,
          1,
          null,
          null,
          1,
          0,
          null,
          null,
          null,
          1,
          null,
          null,
          null,
          1,
          1,
          null,
          null,
          null,
          1,
          null,
          null,
          null,
          1,
          0,
          null,
          0,
          0,
          0,
          0,
          null,
          0,
          0,
          null,
          null,
          null,
          null,
          null,
          1,
          0,
          0,
          0,
          0,
          null,
          0,
          0,
          null,
          null,
          null,
          null,
          null,
          1,
          0,
          null,
          0,
          0,
          0,
          null,
          null,
          null,
          1,
          null,
          1,
          0,
          null,
          null,
          null,
          1,
          0,
          null,
          null
        ]
      },
      "/mnt/d/GitHub/PhD-Application-Review-System/app/controllers/sessions_controller.rb": {
        "lines": [
          1,
          1,
          2,
          2,
          2,
          null,
          12,
          null,
          null,
          2,
          null,
          null,
          null,
          1,
          2,
          null,
          null,
          1,
          2,
          null,
          2,
          2,
          1,
          1,
          null,
          null,
          1,
          1,
          0,
          null,
          1,
          null,
          null,
          null,
          1,
          1,
          1,
          null,
          null,
          null,
          null,
          null,
          null,
          null,
          null,
          null,
          null,
          1,
          2,
          2,
          null,
          null
        ]
      },
      "/mnt/d/GitHub/PhD-Application-Review-System/app/controllers/users_controller.rb": {
        "lines": [
          1,
          null,
          1,
          null,
          null,
          1,
          0,
          null,
          null,
          null,
          1,
          null,
          null,
          null,
          1,
          1,
          null,
          null,
          null,
          1,
          null,
          null,
          null,
          1,
          0,
          0,
          0,
          0,
          0,
          0,
          0,
          null,
          0,
          0,
          null,
          null,
          null,
          null,
          null,
          1,
          0,
          0,
          0,
          0,
          null,
          0,
          0,
          null,
          null,
          null,
          null,
          null,
          1,
          0,
          null,
          0,
          0,
          0,
          null,
          null,
          null,
          1,
          null,
          1,
          0,
          null,
          null,
          null,
          1,
          0,
          null,
          null
        ]
      },
      "/mnt/d/GitHub/PhD-Application-Review-System/app/controllers/welcome_controller.rb": {
        "lines": [
          1,
          1,
          0,
          0,
          0,
          0,
          0,
          0,
          null,
          0,
          0,
          null,
          null,
          null
        ]
      },
      "/mnt/d/GitHub/PhD-Application-Review-System/app/controllers/xlsx_controller.rb": {
        "lines": [
          1,
          1,
          null,
          0,
          0,
          null,
          0,
          0,
          null,
          0,
          0,
          null,
          null,
          0,
          null,
          0,
          0,
          null,
          null,
          1,
          0,
          null,
          0,
          0,
          null,
          0,
          0,
          0,
          0,
          0,
          0,
          0,
          0,
          0,
          null,
          null,
          null,
          0,
          0,
          0,
          0,
          0,
          0,
          0,
          null,
          0,
          0,
          0,
          0,
          0,
          0,
          null,
          0,
          0,
          0,
          0,
          0,
          0,
          null,
          0,
          0,
          0,
          0,
          0,
          null,
          0,
          0,
          null,
          0,
          0,
          0,
          0,
          0,
          null,
          null,
          0,
          null,
          null,
          null,
          null,
          null,
          null,
          null,
          0,
          0,
          0,
          0,
          0,
          null,
          0,
          0,
          null,
          0,
          0,
          0,
          0,
          0,
          null,
          null,
          0,
          null,
          null,
          null,
          null,
          null,
          null,
          null,
          null,
          null,
          null,
          null,
          null,
          null,
          null,
          null,
          null,
          null,
          null,
          null,
          null,
          null,
          null,
          null,
          null,
          null,
          null,
          null,
          null,
          null,
          null,
          null,
          null,
          null,
          0,
          null,
          null
        ]
      },
      "/mnt/d/GitHub/PhD-Application-Review-System/app/jobs/application_job.rb": {
        "lines": [
          1,
          null,
          null,
          null,
          null,
          null,
          null
        ]
      },
      "/mnt/d/GitHub/PhD-Application-Review-System/app/mailers/application_mailer.rb": {
        "lines": [
          1,
          1,
          1,
          null
        ]
      },
      "/mnt/d/GitHub/PhD-Application-Review-System/app/models/applicant.rb": {
        "lines": [
          1,
          1,
          1,
          1,
          1,
          null
        ]
      },
      "/mnt/d/GitHub/PhD-Application-Review-System/app/models/application_record.rb": {
        "lines": [
          1,
          1,
          null
        ]
      },
      "/mnt/d/GitHub/PhD-Application-Review-System/app/models/application_ielt.rb": {
        "lines": [
          1,
          1,
          null
        ]
      },
      "/mnt/d/GitHub/PhD-Application-Review-System/app/models/gre.rb": {
        "lines": [
          1,
          1,
          null
        ]
      },
      "/mnt/d/GitHub/PhD-Application-Review-System/app/models/review.rb": {
        "lines": [
          1,
          null,
          null,
          null
        ]
      },
      "/mnt/d/GitHub/PhD-Application-Review-System/app/models/school.rb": {
        "lines": [
          1,
          1,
          null
        ]
      },
      "/mnt/d/GitHub/PhD-Application-Review-System/app/models/toefl.rb": {
        "lines": [
          1,
          1,
          null
        ]
      },
      "/mnt/d/GitHub/PhD-Application-Review-System/app/models/user.rb": {
        "lines": [
          1,
          1,
          1,
          null
        ]
      }
    },
    "timestamp": 1696893806
  }
}
